<?xml version="1.0" encoding="UTF-8"?>
<testng-results skipped="0" failed="0" ignored="0" total="2" passed="2">
  <reporter-output>
  </reporter-output>
  <suite name="N11 Test Suite" duration-ms="53402" started-at="2018-09-30T06:31:08Z" finished-at="2018-09-30T06:32:01Z">
    <groups>
    </groups>
    <test name="LoginTest" duration-ms="53402" started-at="2018-09-30T06:31:08Z" finished-at="2018-09-30T06:32:01Z">
      <class name="tests.LoginTests">
        <test-method status="PASS" signature="setupTestData()[pri:0, instance:tests.LoginTests@841e575]" name="setupTestData" is-config="true" duration-ms="2277" started-at="2018-09-30T12:01:08Z" finished-at="2018-09-30T12:01:10Z">
          <reporter-output>
          </reporter-output>
        </test-method> <!-- setupTestData -->
        <test-method status="PASS" signature="setup()[pri:0, instance:tests.LoginTests@841e575]" name="setup" is-config="true" duration-ms="7146" started-at="2018-09-30T12:01:10Z" description="Class Level Setup!" finished-at="2018-09-30T12:01:17Z">
          <reporter-output>
          </reporter-output>
        </test-method> <!-- setup -->
        <test-method status="PASS" signature="invalidLoginTest_InvalidUserNameInvalidPassword()[pri:0, instance:tests.LoginTests@841e575]" name="invalidLoginTest_InvalidUserNameInvalidPassword" duration-ms="33135" started-at="2018-09-30T12:01:17Z" description="Invalid Login Scenario with wrong username and password." finished-at="2018-09-30T12:01:50Z">
          <reporter-output>
          </reporter-output>
        </test-method> <!-- invalidLoginTest_InvalidUserNameInvalidPassword -->
        <test-method status="PASS" signature="invalidLoginTest_EmptyUserEmptyPassword()[pri:1, instance:tests.LoginTests@841e575]" name="invalidLoginTest_EmptyUserEmptyPassword" duration-ms="9065" started-at="2018-09-30T12:01:51Z" description="Invalid Login Scenario with empty username and password." finished-at="2018-09-30T12:02:00Z">
          <reporter-output>
          </reporter-output>
        </test-method> <!-- invalidLoginTest_EmptyUserEmptyPassword -->
        <test-method status="PASS" signature="teardown()[pri:0, instance:tests.LoginTests@841e575]" name="teardown" is-config="true" duration-ms="937" started-at="2018-09-30T12:02:00Z" description="Class Level Teardown!" finished-at="2018-09-30T12:02:01Z">
          <reporter-output>
          </reporter-output>
        </test-method> <!-- teardown -->
      </class> <!-- tests.LoginTests -->
    </test> <!-- LoginTest -->
  </suite> <!-- N11 Test Suite -->
</testng-results>
