<?xml version="1.0" encoding="UTF-8"?>
<testng-results skipped="0" failed="0" ignored="0" total="1" passed="1">
  <reporter-output>
  </reporter-output>
  <suite name="Suite" duration-ms="79743" started-at="2018-10-07T03:54:39Z" finished-at="2018-10-07T03:55:59Z">
    <groups>
      <group name="cucumber">
        <method signature="AbstractTestNGCucumberTests.feature(cucumber.api.testng.CucumberFeatureWrapper)[pri:0, instance:TestRunner.TestExecution@15d0c81b]" name="feature" class="cucumber.api.testng.AbstractTestNGCucumberTests"/>
      </group> <!-- cucumber -->
    </groups>
    <test name="Test" duration-ms="79743" started-at="2018-10-07T03:54:39Z" finished-at="2018-10-07T03:55:59Z">
      <class name="TestRunner.TestExecution">
        <test-method status="PASS" signature="setUpClass()[pri:0, instance:TestRunner.TestExecution@15d0c81b]" name="setUpClass" is-config="true" duration-ms="1301" started-at="2018-10-07T09:24:39Z" finished-at="2018-10-07T09:24:40Z">
          <reporter-output>
          </reporter-output>
        </test-method> <!-- setUpClass -->
        <test-method status="PASS" signature="feature(cucumber.api.testng.CucumberFeatureWrapper)[pri:0, instance:TestRunner.TestExecution@15d0c81b]" name="feature" duration-ms="77994" started-at="2018-10-07T09:24:41Z" description="Runs Cucumber Feature" data-provider="features" finished-at="2018-10-07T09:25:59Z">
          <params>
            <param index="0">
              <value>
                <![CDATA[Reset functionality on login page of Application]]>
              </value>
            </param>
          </params>
          <reporter-output>
          </reporter-output>
        </test-method> <!-- feature -->
        <test-method status="PASS" signature="tearDownClass()[pri:0, instance:TestRunner.TestExecution@15d0c81b]" name="tearDownClass" is-config="true" duration-ms="78" started-at="2018-10-07T09:25:59Z" finished-at="2018-10-07T09:25:59Z">
          <reporter-output>
          </reporter-output>
        </test-method> <!-- tearDownClass -->
      </class> <!-- TestRunner.TestExecution -->
    </test> <!-- Test -->
  </suite> <!-- Suite -->
</testng-results>
