<?xml version="1.0" encoding="UTF-8"?>
<!-- Generated by org.testng.reporters.JUnitXMLReporter -->
<testsuite hostname="amit" ignored="0" name="LoginTest" tests="2" failures="1" timestamp="07 Oct 2018 03:59:25 GMT" time="69.604" errors="0">
  <testcase name="invalidLoginTest_InvalidUserNameInvalidPassword" time="33.866" classname="tests.LoginTests">
    <skipped/>
  </testcase> <!-- invalidLoginTest_InvalidUserNameInvalidPassword -->
  <testcase name="invalidLoginTest_InvalidUserNameInvalidPassword" time="14.854" classname="tests.LoginTests">
    <failure type="java.lang.IllegalArgumentException" message="Cannot find elements with a null id attribute.">
      <![CDATA[java.lang.IllegalArgumentException: Cannot find elements with a null id attribute.
	at org.openqa.selenium.By.id(By.java:53)
	at ObjectRepository_Pages.LoginPage.loginToN11(LoginPage.java:37)
	at tests.LoginTests.invalidLoginTest_InvalidUserNameInvalidPassword(LoginTests.java:40)
... Removed 25 stack frames]]>
    </failure>
  </testcase> <!-- invalidLoginTest_InvalidUserNameInvalidPassword -->
</testsuite> <!-- LoginTest -->
